mode: set
github.com/davidjwilkins/declarative-payments/payments/resolver/desiredState.go:31.100,40.2 1 1
github.com/davidjwilkins/declarative-payments/payments/resolver/desiredState.go:42.61,44.2 1 1
github.com/davidjwilkins/declarative-payments/payments/resolver/desiredState.go:46.59,48.2 1 1
github.com/davidjwilkins/declarative-payments/payments/resolver/desiredState.go:50.59,52.2 1 1
github.com/davidjwilkins/declarative-payments/payments/resolver/desiredState.go:54.58,56.2 1 1
github.com/davidjwilkins/declarative-payments/payments/resolver/desiredState.go:58.58,60.2 1 1
github.com/davidjwilkins/declarative-payments/payments/resolver/desiredState.go:62.59,64.2 1 1
github.com/davidjwilkins/declarative-payments/payments/resolver/desiredState.go:66.60,68.2 1 1
github.com/davidjwilkins/declarative-payments/payments/handlers/mock.go:23.30,30.2 1 1
github.com/davidjwilkins/declarative-payments/payments/handlers/mock.go:32.53,36.2 3 1
github.com/davidjwilkins/declarative-payments/payments/handlers/mock.go:38.62,41.34 3 1
github.com/davidjwilkins/declarative-payments/payments/handlers/mock.go:45.2,45.34 1 1
github.com/davidjwilkins/declarative-payments/payments/handlers/mock.go:49.2,49.12 1 1
github.com/davidjwilkins/declarative-payments/payments/handlers/mock.go:41.34,44.3 2 1
github.com/davidjwilkins/declarative-payments/payments/handlers/mock.go:45.34,48.3 2 1
github.com/davidjwilkins/declarative-payments/payments/handlers/mock.go:52.34,56.2 3 1
github.com/davidjwilkins/declarative-payments/payments/handlers/mock.go:58.45,62.2 3 1
github.com/davidjwilkins/declarative-payments/payments/handlers/mock.go:64.72,65.47 1 1
github.com/davidjwilkins/declarative-payments/payments/handlers/mock.go:65.47,67.3 1 1
github.com/davidjwilkins/declarative-payments/payments/handlers/mock.go:70.70,72.32 2 1
github.com/davidjwilkins/declarative-payments/payments/handlers/mock.go:76.2,76.47 1 1
github.com/davidjwilkins/declarative-payments/payments/handlers/mock.go:72.32,74.3 1 1
github.com/davidjwilkins/declarative-payments/payments/handlers/mock.go:76.47,79.3 2 1
github.com/davidjwilkins/declarative-payments/payments/handlers/mock.go:82.70,84.32 2 1
github.com/davidjwilkins/declarative-payments/payments/handlers/mock.go:87.2,87.47 1 1
github.com/davidjwilkins/declarative-payments/payments/handlers/mock.go:84.32,86.3 1 1
github.com/davidjwilkins/declarative-payments/payments/handlers/mock.go:87.47,89.3 1 1
github.com/davidjwilkins/declarative-payments/payments/handlers/mock.go:92.116,96.2 3 1
github.com/davidjwilkins/declarative-payments/payments/handlers/mock.go:98.69,99.47 1 1
github.com/davidjwilkins/declarative-payments/payments/handlers/mock.go:99.47,101.3 1 1
github.com/davidjwilkins/declarative-payments/payments/handlers/mock.go:104.69,105.47 1 1
github.com/davidjwilkins/declarative-payments/payments/handlers/mock.go:105.47,107.3 1 1
github.com/davidjwilkins/declarative-payments/payments/handlers/mock.go:110.36,116.2 1 1
github.com/davidjwilkins/declarative-payments/payments/handlers/mock.go:118.56,122.2 3 1
github.com/davidjwilkins/declarative-payments/payments/handlers/mock.go:124.65,127.34 3 1
github.com/davidjwilkins/declarative-payments/payments/handlers/mock.go:131.2,131.34 1 1
github.com/davidjwilkins/declarative-payments/payments/handlers/mock.go:135.2,135.12 1 1
github.com/davidjwilkins/declarative-payments/payments/handlers/mock.go:127.34,130.3 2 1
github.com/davidjwilkins/declarative-payments/payments/handlers/mock.go:131.34,134.3 2 1
github.com/davidjwilkins/declarative-payments/payments/handlers/mock.go:138.37,142.2 3 1
github.com/davidjwilkins/declarative-payments/payments/handlers/mock.go:144.73,145.47 1 1
github.com/davidjwilkins/declarative-payments/payments/handlers/mock.go:145.47,147.3 1 1
github.com/davidjwilkins/declarative-payments/payments/handlers/mock.go:150.74,151.47 1 1
github.com/davidjwilkins/declarative-payments/payments/handlers/mock.go:151.47,153.3 1 1
github.com/davidjwilkins/declarative-payments/payments/app.go:39.37,41.2 1 1
github.com/davidjwilkins/declarative-payments/payments/app.go:43.40,45.2 1 1
github.com/davidjwilkins/declarative-payments/payments/app.go:47.41,49.2 1 1
github.com/davidjwilkins/declarative-payments/payments/app.go:51.34,53.2 1 1
github.com/davidjwilkins/declarative-payments/payments/app.go:55.109,61.2 1 1
github.com/davidjwilkins/declarative-payments/payments/app.go:63.46,68.2 4 1
github.com/davidjwilkins/declarative-payments/payments/app.go:70.92,84.22 6 1
github.com/davidjwilkins/declarative-payments/payments/app.go:95.2,95.38 1 1
github.com/davidjwilkins/declarative-payments/payments/app.go:110.2,110.22 1 1
github.com/davidjwilkins/declarative-payments/payments/app.go:194.2,195.19 2 1
github.com/davidjwilkins/declarative-payments/payments/app.go:84.22,85.25 1 1
github.com/davidjwilkins/declarative-payments/payments/app.go:86.43,88.35 2 1
github.com/davidjwilkins/declarative-payments/payments/app.go:89.43,91.35 2 1
github.com/davidjwilkins/declarative-payments/payments/app.go:95.38,96.17 1 1
github.com/davidjwilkins/declarative-payments/payments/app.go:96.17,101.43 5 1
github.com/davidjwilkins/declarative-payments/payments/app.go:101.43,103.5 1 1
github.com/davidjwilkins/declarative-payments/payments/app.go:103.10,105.5 1 1
github.com/davidjwilkins/declarative-payments/payments/app.go:106.9,108.4 1 1
github.com/davidjwilkins/declarative-payments/payments/app.go:110.22,111.18 1 1
github.com/davidjwilkins/declarative-payments/payments/app.go:111.18,116.26 5 1
github.com/davidjwilkins/declarative-payments/payments/app.go:189.4,190.21 2 1
github.com/davidjwilkins/declarative-payments/payments/app.go:117.46,119.19 2 1
github.com/davidjwilkins/declarative-payments/payments/app.go:124.44,127.38 1 1
github.com/davidjwilkins/declarative-payments/payments/app.go:151.44,152.38 1 1
github.com/davidjwilkins/declarative-payments/payments/app.go:160.43,162.19 2 1
github.com/davidjwilkins/declarative-payments/payments/app.go:167.43,169.19 2 1
github.com/davidjwilkins/declarative-payments/payments/app.go:174.44,176.19 2 1
github.com/davidjwilkins/declarative-payments/payments/app.go:181.45,183.19 2 1
github.com/davidjwilkins/declarative-payments/payments/app.go:119.19,123.6 3 1
github.com/davidjwilkins/declarative-payments/payments/app.go:127.38,129.20 2 1
github.com/davidjwilkins/declarative-payments/payments/app.go:129.20,134.7 4 1
github.com/davidjwilkins/declarative-payments/payments/app.go:135.11,137.27 2 1
github.com/davidjwilkins/declarative-payments/payments/app.go:143.6,143.27 1 1
github.com/davidjwilkins/declarative-payments/payments/app.go:148.6,149.56 2 1
github.com/davidjwilkins/declarative-payments/payments/app.go:137.27,142.7 4 1
github.com/davidjwilkins/declarative-payments/payments/app.go:143.27,147.7 3 1
github.com/davidjwilkins/declarative-payments/payments/app.go:152.38,154.20 2 1
github.com/davidjwilkins/declarative-payments/payments/app.go:154.20,158.7 3 1
github.com/davidjwilkins/declarative-payments/payments/app.go:162.19,166.6 3 1
github.com/davidjwilkins/declarative-payments/payments/app.go:169.19,173.6 3 1
github.com/davidjwilkins/declarative-payments/payments/app.go:176.19,180.6 3 1
github.com/davidjwilkins/declarative-payments/payments/app.go:183.19,187.6 3 1
github.com/davidjwilkins/declarative-payments/payments/app.go:198.97,199.39 1 1
github.com/davidjwilkins/declarative-payments/payments/app.go:202.2,202.39 1 1
github.com/davidjwilkins/declarative-payments/payments/app.go:205.2,205.45 1 1
github.com/davidjwilkins/declarative-payments/payments/app.go:208.2,208.30 1 1
github.com/davidjwilkins/declarative-payments/payments/app.go:211.2,211.40 1 1
github.com/davidjwilkins/declarative-payments/payments/app.go:214.2,220.86 6 1
github.com/davidjwilkins/declarative-payments/payments/app.go:223.2,225.22 3 1
github.com/davidjwilkins/declarative-payments/payments/app.go:245.2,247.23 2 1
github.com/davidjwilkins/declarative-payments/payments/app.go:251.2,251.25 1 1
github.com/davidjwilkins/declarative-payments/payments/app.go:256.2,256.22 1 1
github.com/davidjwilkins/declarative-payments/payments/app.go:262.2,265.23 4 1
github.com/davidjwilkins/declarative-payments/payments/app.go:270.2,270.18 1 1
github.com/davidjwilkins/declarative-payments/payments/app.go:199.39,201.3 1 1
github.com/davidjwilkins/declarative-payments/payments/app.go:202.39,204.3 1 1
github.com/davidjwilkins/declarative-payments/payments/app.go:205.45,207.3 1 1
github.com/davidjwilkins/declarative-payments/payments/app.go:208.30,210.3 1 1
github.com/davidjwilkins/declarative-payments/payments/app.go:211.40,213.3 1 1
github.com/davidjwilkins/declarative-payments/payments/app.go:220.86,222.3 1 1
github.com/davidjwilkins/declarative-payments/payments/app.go:225.22,226.26 1 1
github.com/davidjwilkins/declarative-payments/payments/app.go:226.26,228.39 1 1
github.com/davidjwilkins/declarative-payments/payments/app.go:228.39,235.5 3 1
github.com/davidjwilkins/declarative-payments/payments/app.go:235.10,235.35 1 1
github.com/davidjwilkins/declarative-payments/payments/app.go:235.35,241.5 3 1
github.com/davidjwilkins/declarative-payments/payments/app.go:247.23,249.3 1 1
github.com/davidjwilkins/declarative-payments/payments/app.go:251.25,253.3 1 1
github.com/davidjwilkins/declarative-payments/payments/app.go:253.8,253.32 1 1
github.com/davidjwilkins/declarative-payments/payments/app.go:253.32,255.3 1 1
github.com/davidjwilkins/declarative-payments/payments/app.go:256.22,258.3 1 1
github.com/davidjwilkins/declarative-payments/payments/app.go:258.8,258.29 1 1
github.com/davidjwilkins/declarative-payments/payments/app.go:258.29,260.3 1 1
github.com/davidjwilkins/declarative-payments/payments/app.go:265.23,267.3 1 1
github.com/davidjwilkins/declarative-payments/payments/app.go:267.8,267.30 1 1
github.com/davidjwilkins/declarative-payments/payments/app.go:267.30,269.3 1 1
