mode: set
github.com/davidjwilkins/declarative-payments/payments/resolver/desiredState.go:31.100,40.2 1 1
github.com/davidjwilkins/declarative-payments/payments/resolver/desiredState.go:42.61,44.2 1 1
github.com/davidjwilkins/declarative-payments/payments/resolver/desiredState.go:46.59,48.2 1 1
github.com/davidjwilkins/declarative-payments/payments/resolver/desiredState.go:50.59,52.2 1 1
github.com/davidjwilkins/declarative-payments/payments/resolver/desiredState.go:54.58,56.2 1 1
github.com/davidjwilkins/declarative-payments/payments/resolver/desiredState.go:58.58,60.2 1 1
github.com/davidjwilkins/declarative-payments/payments/resolver/desiredState.go:62.59,64.2 1 1
github.com/davidjwilkins/declarative-payments/payments/resolver/desiredState.go:66.60,68.2 1 1
github.com/davidjwilkins/declarative-payments/payments/app.go:39.37,41.2 1 1
github.com/davidjwilkins/declarative-payments/payments/app.go:43.40,45.2 1 1
github.com/davidjwilkins/declarative-payments/payments/app.go:47.41,49.2 1 1
github.com/davidjwilkins/declarative-payments/payments/app.go:51.34,53.2 1 1
github.com/davidjwilkins/declarative-payments/payments/app.go:55.109,61.2 1 1
github.com/davidjwilkins/declarative-payments/payments/app.go:63.46,68.2 4 1
github.com/davidjwilkins/declarative-payments/payments/app.go:70.92,84.22 6 1
github.com/davidjwilkins/declarative-payments/payments/app.go:95.2,95.38 1 1
github.com/davidjwilkins/declarative-payments/payments/app.go:110.2,110.22 1 1
github.com/davidjwilkins/declarative-payments/payments/app.go:198.2,199.19 2 1
github.com/davidjwilkins/declarative-payments/payments/app.go:84.22,85.25 1 1
github.com/davidjwilkins/declarative-payments/payments/app.go:86.43,88.35 2 1
github.com/davidjwilkins/declarative-payments/payments/app.go:89.43,91.35 2 1
github.com/davidjwilkins/declarative-payments/payments/app.go:95.38,96.17 1 1
github.com/davidjwilkins/declarative-payments/payments/app.go:96.17,101.43 5 1
github.com/davidjwilkins/declarative-payments/payments/app.go:101.43,103.5 1 1
github.com/davidjwilkins/declarative-payments/payments/app.go:103.10,105.5 1 1
github.com/davidjwilkins/declarative-payments/payments/app.go:106.9,108.4 1 1
github.com/davidjwilkins/declarative-payments/payments/app.go:110.22,111.18 1 1
github.com/davidjwilkins/declarative-payments/payments/app.go:111.18,116.26 5 1
github.com/davidjwilkins/declarative-payments/payments/app.go:193.4,194.21 2 1
github.com/davidjwilkins/declarative-payments/payments/app.go:117.46,119.19 2 1
github.com/davidjwilkins/declarative-payments/payments/app.go:124.44,127.38 1 1
github.com/davidjwilkins/declarative-payments/payments/app.go:153.44,154.38 1 1
github.com/davidjwilkins/declarative-payments/payments/app.go:163.43,165.19 2 1
github.com/davidjwilkins/declarative-payments/payments/app.go:170.43,173.19 3 1
github.com/davidjwilkins/declarative-payments/payments/app.go:178.44,180.19 2 1
github.com/davidjwilkins/declarative-payments/payments/app.go:185.45,187.19 2 1
github.com/davidjwilkins/declarative-payments/payments/app.go:119.19,123.6 3 1
github.com/davidjwilkins/declarative-payments/payments/app.go:127.38,130.20 3 1
github.com/davidjwilkins/declarative-payments/payments/app.go:130.20,135.7 4 1
github.com/davidjwilkins/declarative-payments/payments/app.go:136.11,139.27 3 1
github.com/davidjwilkins/declarative-payments/payments/app.go:145.6,145.27 1 1
github.com/davidjwilkins/declarative-payments/payments/app.go:150.6,151.56 2 1
github.com/davidjwilkins/declarative-payments/payments/app.go:139.27,144.7 4 1
github.com/davidjwilkins/declarative-payments/payments/app.go:145.27,149.7 3 1
github.com/davidjwilkins/declarative-payments/payments/app.go:154.38,157.20 3 1
github.com/davidjwilkins/declarative-payments/payments/app.go:157.20,161.7 3 1
github.com/davidjwilkins/declarative-payments/payments/app.go:165.19,169.6 3 1
github.com/davidjwilkins/declarative-payments/payments/app.go:173.19,177.6 3 1
github.com/davidjwilkins/declarative-payments/payments/app.go:180.19,184.6 3 1
github.com/davidjwilkins/declarative-payments/payments/app.go:187.19,191.6 3 1
github.com/davidjwilkins/declarative-payments/payments/app.go:202.97,203.39 1 1
github.com/davidjwilkins/declarative-payments/payments/app.go:206.2,206.39 1 1
github.com/davidjwilkins/declarative-payments/payments/app.go:209.2,209.45 1 1
github.com/davidjwilkins/declarative-payments/payments/app.go:212.2,212.30 1 1
github.com/davidjwilkins/declarative-payments/payments/app.go:215.2,215.40 1 1
github.com/davidjwilkins/declarative-payments/payments/app.go:218.2,224.86 6 1
github.com/davidjwilkins/declarative-payments/payments/app.go:227.2,229.22 3 1
github.com/davidjwilkins/declarative-payments/payments/app.go:249.2,251.23 2 1
github.com/davidjwilkins/declarative-payments/payments/app.go:255.2,255.25 1 1
github.com/davidjwilkins/declarative-payments/payments/app.go:260.2,260.22 1 1
github.com/davidjwilkins/declarative-payments/payments/app.go:266.2,269.23 4 1
github.com/davidjwilkins/declarative-payments/payments/app.go:274.2,274.18 1 1
github.com/davidjwilkins/declarative-payments/payments/app.go:203.39,205.3 1 1
github.com/davidjwilkins/declarative-payments/payments/app.go:206.39,208.3 1 1
github.com/davidjwilkins/declarative-payments/payments/app.go:209.45,211.3 1 1
github.com/davidjwilkins/declarative-payments/payments/app.go:212.30,214.3 1 1
github.com/davidjwilkins/declarative-payments/payments/app.go:215.40,217.3 1 1
github.com/davidjwilkins/declarative-payments/payments/app.go:224.86,226.3 1 1
github.com/davidjwilkins/declarative-payments/payments/app.go:229.22,230.26 1 1
github.com/davidjwilkins/declarative-payments/payments/app.go:230.26,232.39 1 1
github.com/davidjwilkins/declarative-payments/payments/app.go:232.39,239.5 3 1
github.com/davidjwilkins/declarative-payments/payments/app.go:239.10,239.35 1 1
github.com/davidjwilkins/declarative-payments/payments/app.go:239.35,245.5 3 1
github.com/davidjwilkins/declarative-payments/payments/app.go:251.23,253.3 1 1
github.com/davidjwilkins/declarative-payments/payments/app.go:255.25,257.3 1 1
github.com/davidjwilkins/declarative-payments/payments/app.go:257.8,257.32 1 1
github.com/davidjwilkins/declarative-payments/payments/app.go:257.32,259.3 1 1
github.com/davidjwilkins/declarative-payments/payments/app.go:260.22,262.3 1 1
github.com/davidjwilkins/declarative-payments/payments/app.go:262.8,262.29 1 1
github.com/davidjwilkins/declarative-payments/payments/app.go:262.29,264.3 1 1
github.com/davidjwilkins/declarative-payments/payments/app.go:269.23,271.3 1 1
github.com/davidjwilkins/declarative-payments/payments/app.go:271.8,271.30 1 1
github.com/davidjwilkins/declarative-payments/payments/app.go:271.30,273.3 1 1
github.com/davidjwilkins/declarative-payments/payments/handlers/mock.go:23.30,30.2 1 1
github.com/davidjwilkins/declarative-payments/payments/handlers/mock.go:32.53,36.2 3 1
github.com/davidjwilkins/declarative-payments/payments/handlers/mock.go:38.62,41.34 3 1
github.com/davidjwilkins/declarative-payments/payments/handlers/mock.go:45.2,45.34 1 1
github.com/davidjwilkins/declarative-payments/payments/handlers/mock.go:49.2,49.12 1 1
github.com/davidjwilkins/declarative-payments/payments/handlers/mock.go:41.34,44.3 2 1
github.com/davidjwilkins/declarative-payments/payments/handlers/mock.go:45.34,48.3 2 1
github.com/davidjwilkins/declarative-payments/payments/handlers/mock.go:52.34,56.2 3 1
github.com/davidjwilkins/declarative-payments/payments/handlers/mock.go:58.45,62.2 3 1
github.com/davidjwilkins/declarative-payments/payments/handlers/mock.go:64.72,65.47 1 1
github.com/davidjwilkins/declarative-payments/payments/handlers/mock.go:65.47,67.3 1 1
github.com/davidjwilkins/declarative-payments/payments/handlers/mock.go:70.78,72.32 2 1
github.com/davidjwilkins/declarative-payments/payments/handlers/mock.go:76.2,76.47 1 1
github.com/davidjwilkins/declarative-payments/payments/handlers/mock.go:80.2,80.16 1 1
github.com/davidjwilkins/declarative-payments/payments/handlers/mock.go:83.2,83.15 1 1
github.com/davidjwilkins/declarative-payments/payments/handlers/mock.go:72.32,74.3 1 1
github.com/davidjwilkins/declarative-payments/payments/handlers/mock.go:76.47,79.3 2 1
github.com/davidjwilkins/declarative-payments/payments/handlers/mock.go:80.16,82.3 1 1
github.com/davidjwilkins/declarative-payments/payments/handlers/mock.go:86.78,88.32 2 1
github.com/davidjwilkins/declarative-payments/payments/handlers/mock.go:91.2,91.47 1 1
github.com/davidjwilkins/declarative-payments/payments/handlers/mock.go:94.2,94.16 1 1
github.com/davidjwilkins/declarative-payments/payments/handlers/mock.go:97.2,97.20 1 1
github.com/davidjwilkins/declarative-payments/payments/handlers/mock.go:88.32,90.3 1 1
github.com/davidjwilkins/declarative-payments/payments/handlers/mock.go:91.47,93.3 1 1
github.com/davidjwilkins/declarative-payments/payments/handlers/mock.go:94.16,96.3 1 1
github.com/davidjwilkins/declarative-payments/payments/handlers/mock.go:100.128,104.2 3 1
github.com/davidjwilkins/declarative-payments/payments/handlers/mock.go:106.69,107.47 1 1
github.com/davidjwilkins/declarative-payments/payments/handlers/mock.go:107.47,109.3 1 1
github.com/davidjwilkins/declarative-payments/payments/handlers/mock.go:112.77,113.47 1 1
github.com/davidjwilkins/declarative-payments/payments/handlers/mock.go:116.2,116.16 1 1
github.com/davidjwilkins/declarative-payments/payments/handlers/mock.go:119.2,119.20 1 1
github.com/davidjwilkins/declarative-payments/payments/handlers/mock.go:113.47,115.3 1 1
github.com/davidjwilkins/declarative-payments/payments/handlers/mock.go:116.16,118.3 1 1
github.com/davidjwilkins/declarative-payments/payments/handlers/mock.go:122.36,128.2 1 1
github.com/davidjwilkins/declarative-payments/payments/handlers/mock.go:130.56,134.2 3 1
github.com/davidjwilkins/declarative-payments/payments/handlers/mock.go:136.65,139.34 3 1
github.com/davidjwilkins/declarative-payments/payments/handlers/mock.go:143.2,143.34 1 1
github.com/davidjwilkins/declarative-payments/payments/handlers/mock.go:147.2,147.12 1 1
github.com/davidjwilkins/declarative-payments/payments/handlers/mock.go:139.34,142.3 2 1
github.com/davidjwilkins/declarative-payments/payments/handlers/mock.go:143.34,146.3 2 1
github.com/davidjwilkins/declarative-payments/payments/handlers/mock.go:150.37,154.2 3 1
github.com/davidjwilkins/declarative-payments/payments/handlers/mock.go:156.73,157.47 1 1
github.com/davidjwilkins/declarative-payments/payments/handlers/mock.go:157.47,159.3 1 1
github.com/davidjwilkins/declarative-payments/payments/handlers/mock.go:162.74,163.47 1 1
github.com/davidjwilkins/declarative-payments/payments/handlers/mock.go:163.47,165.3 1 1
github.com/davidjwilkins/declarative-payments/payments/handlers/mock_stripe_storage.go:13.61,18.2 1 1
github.com/davidjwilkins/declarative-payments/payments/handlers/mock_stripe_storage.go:19.66,21.35 2 1
github.com/davidjwilkins/declarative-payments/payments/handlers/mock_stripe_storage.go:26.2,26.23 1 1
github.com/davidjwilkins/declarative-payments/payments/handlers/mock_stripe_storage.go:21.35,22.92 1 1
github.com/davidjwilkins/declarative-payments/payments/handlers/mock_stripe_storage.go:22.92,24.4 1 1
github.com/davidjwilkins/declarative-payments/payments/handlers/mock_stripe_storage.go:29.59,31.35 2 1
github.com/davidjwilkins/declarative-payments/payments/handlers/mock_stripe_storage.go:36.2,36.16 1 1
github.com/davidjwilkins/declarative-payments/payments/handlers/mock_stripe_storage.go:31.35,32.91 1 1
github.com/davidjwilkins/declarative-payments/payments/handlers/mock_stripe_storage.go:32.91,34.4 1 1
github.com/davidjwilkins/declarative-payments/payments/handlers/mock_stripe_storage.go:39.79,41.40 2 1
github.com/davidjwilkins/declarative-payments/payments/handlers/mock_stripe_storage.go:44.2,46.50 3 1
github.com/davidjwilkins/declarative-payments/payments/handlers/mock_stripe_storage.go:51.2,51.18 1 1
github.com/davidjwilkins/declarative-payments/payments/handlers/mock_stripe_storage.go:41.40,43.3 1 1
github.com/davidjwilkins/declarative-payments/payments/handlers/mock_stripe_storage.go:46.50,47.65 1 1
github.com/davidjwilkins/declarative-payments/payments/handlers/mock_stripe_storage.go:47.65,49.4 1 1
github.com/davidjwilkins/declarative-payments/payments/handlers/mock_stripe_storage.go:54.72,56.42 2 1
github.com/davidjwilkins/declarative-payments/payments/handlers/mock_stripe_storage.go:59.2,61.52 3 1
github.com/davidjwilkins/declarative-payments/payments/handlers/mock_stripe_storage.go:66.2,66.20 1 1
github.com/davidjwilkins/declarative-payments/payments/handlers/mock_stripe_storage.go:56.42,58.3 1 1
github.com/davidjwilkins/declarative-payments/payments/handlers/mock_stripe_storage.go:61.52,62.52 1 1
github.com/davidjwilkins/declarative-payments/payments/handlers/mock_stripe_storage.go:62.52,64.4 1 1
github.com/davidjwilkins/declarative-payments/payments/handlers/mock_stripe_storage.go:69.60,71.2 1 1
github.com/davidjwilkins/declarative-payments/payments/handlers/mock_stripe_storage.go:73.44,75.31 2 1
github.com/davidjwilkins/declarative-payments/payments/handlers/mock_stripe_storage.go:80.2,80.14 1 1
github.com/davidjwilkins/declarative-payments/payments/handlers/mock_stripe_storage.go:75.31,76.75 1 1
github.com/davidjwilkins/declarative-payments/payments/handlers/mock_stripe_storage.go:76.75,78.4 1 1
github.com/davidjwilkins/declarative-payments/payments/handlers/mock_stripe_storage.go:83.54,85.31 2 1
github.com/davidjwilkins/declarative-payments/payments/handlers/mock_stripe_storage.go:90.2,90.14 1 1
github.com/davidjwilkins/declarative-payments/payments/handlers/mock_stripe_storage.go:85.31,86.76 1 1
github.com/davidjwilkins/declarative-payments/payments/handlers/mock_stripe_storage.go:86.76,88.4 1 1
github.com/davidjwilkins/declarative-payments/payments/handlers/stripe.go:22.95,36.30 2 1
github.com/davidjwilkins/declarative-payments/payments/handlers/stripe.go:39.2,39.16 1 1
github.com/davidjwilkins/declarative-payments/payments/handlers/stripe.go:42.2,42.12 1 1
github.com/davidjwilkins/declarative-payments/payments/handlers/stripe.go:36.30,38.3 1 1
github.com/davidjwilkins/declarative-payments/payments/handlers/stripe.go:39.16,41.3 1 1
github.com/davidjwilkins/declarative-payments/payments/handlers/stripe.go:45.76,47.2 1 1
github.com/davidjwilkins/declarative-payments/payments/handlers/stripe.go:50.90,56.29 6 1
github.com/davidjwilkins/declarative-payments/payments/handlers/stripe.go:86.2,86.46 1 1
github.com/davidjwilkins/declarative-payments/payments/handlers/stripe.go:56.29,58.26 2 1
github.com/davidjwilkins/declarative-payments/payments/handlers/stripe.go:61.3,68.31 3 1
github.com/davidjwilkins/declarative-payments/payments/handlers/stripe.go:71.3,71.42 1 1
github.com/davidjwilkins/declarative-payments/payments/handlers/stripe.go:77.3,77.17 1 1
github.com/davidjwilkins/declarative-payments/payments/handlers/stripe.go:58.26,60.4 1 1
github.com/davidjwilkins/declarative-payments/payments/handlers/stripe.go:68.31,70.4 1 1
github.com/davidjwilkins/declarative-payments/payments/handlers/stripe.go:71.42,73.27 2 1
github.com/davidjwilkins/declarative-payments/payments/handlers/stripe.go:73.27,75.5 1 1
github.com/davidjwilkins/declarative-payments/payments/handlers/stripe.go:77.17,81.51 3 1
github.com/davidjwilkins/declarative-payments/payments/handlers/stripe.go:81.51,83.5 1 1
github.com/davidjwilkins/declarative-payments/payments/handlers/stripe.go:91.82,93.23 2 1
github.com/davidjwilkins/declarative-payments/payments/handlers/stripe.go:102.2,102.27 1 1
github.com/davidjwilkins/declarative-payments/payments/handlers/stripe.go:93.23,95.23 2 1
github.com/davidjwilkins/declarative-payments/payments/handlers/stripe.go:98.3,98.37 1 1
github.com/davidjwilkins/declarative-payments/payments/handlers/stripe.go:95.23,97.4 1 1
github.com/davidjwilkins/declarative-payments/payments/handlers/stripe.go:98.37,100.4 1 1
github.com/davidjwilkins/declarative-payments/payments/handlers/stripe.go:105.109,109.31 4 1
github.com/davidjwilkins/declarative-payments/payments/handlers/stripe.go:154.2,154.31 1 1
github.com/davidjwilkins/declarative-payments/payments/handlers/stripe.go:109.31,111.28 2 1
github.com/davidjwilkins/declarative-payments/payments/handlers/stripe.go:131.3,144.39 3 1
github.com/davidjwilkins/declarative-payments/payments/handlers/stripe.go:147.3,147.63 1 1
github.com/davidjwilkins/declarative-payments/payments/handlers/stripe.go:150.3,150.17 1 1
github.com/davidjwilkins/declarative-payments/payments/handlers/stripe.go:111.28,112.21 1 1
github.com/davidjwilkins/declarative-payments/payments/handlers/stripe.go:112.21,114.5 1 1
github.com/davidjwilkins/declarative-payments/payments/handlers/stripe.go:114.10,117.35 1 1
github.com/davidjwilkins/declarative-payments/payments/handlers/stripe.go:117.35,119.20 2 1
github.com/davidjwilkins/declarative-payments/payments/handlers/stripe.go:125.6,125.55 1 1
github.com/davidjwilkins/declarative-payments/payments/handlers/stripe.go:119.20,123.7 1 1
github.com/davidjwilkins/declarative-payments/payments/handlers/stripe.go:144.39,146.4 1 1
github.com/davidjwilkins/declarative-payments/payments/handlers/stripe.go:147.63,149.4 1 1
github.com/davidjwilkins/declarative-payments/payments/handlers/stripe.go:150.17,152.4 1 1
github.com/davidjwilkins/declarative-payments/payments/handlers/stripe.go:158.82,161.2 2 1
github.com/davidjwilkins/declarative-payments/payments/handlers/stripe.go:163.172,167.22 3 1
github.com/davidjwilkins/declarative-payments/payments/handlers/stripe.go:181.2,181.61 1 1
github.com/davidjwilkins/declarative-payments/payments/handlers/stripe.go:167.22,169.23 2 1
github.com/davidjwilkins/declarative-payments/payments/handlers/stripe.go:172.3,172.44 1 1
github.com/davidjwilkins/declarative-payments/payments/handlers/stripe.go:169.23,171.4 1 1
github.com/davidjwilkins/declarative-payments/payments/handlers/stripe.go:172.44,174.4 1 1
github.com/davidjwilkins/declarative-payments/payments/handlers/stripe.go:175.8,175.29 1 1
github.com/davidjwilkins/declarative-payments/payments/handlers/stripe.go:175.29,180.3 3 1
github.com/davidjwilkins/declarative-payments/payments/handlers/stripe.go:184.73,186.2 1 1
github.com/davidjwilkins/declarative-payments/payments/handlers/stripe.go:188.81,191.2 2 1
github.com/davidjwilkins/declarative-payments/payments/handlers/stripe.go:193.111,202.2 2 1
github.com/davidjwilkins/declarative-payments/payments/handlers/stripe.go:206.149,208.30 2 1
github.com/davidjwilkins/declarative-payments/payments/handlers/stripe.go:211.2,211.8 1 1
github.com/davidjwilkins/declarative-payments/payments/handlers/stripe.go:208.30,210.3 1 1
